May 21, 2023 9:45:35 AM com.google.cloud.datastore.emulator.firestore.websocket.WebSocketServer start
INFO: Started WebSocket server on ws://127.0.0.1:9150
API endpoint: http://127.0.0.1:8080
If you are using a library that supports the FIRESTORE_EMULATOR_HOST environment variable, run:

   export FIRESTORE_EMULATOR_HOST=127.0.0.1:8080

Dev App Server is now running.

May 21, 2023 9:45:55 AM io.gapi.emulators.netty.HttpVersionRoutingHandler channelRead
INFO: Detected HTTP/2 connection.
May 21, 2023 10:15:00 AM io.gapi.emulators.netty.HttpVersionRoutingHandler channelRead
INFO: Detected HTTP/2 connection.
May 21, 2023 10:17:01 AM io.gapi.emulators.netty.HttpVersionRoutingHandler channelRead
INFO: Detected HTTP/2 connection.
May 21, 2023 10:17:02 AM io.gapi.emulators.netty.TcpProxyHandler$1 operationComplete
WARNING: Failed to complete operation
java.io.IOException: Connection reset by peer
	at java.base/sun.nio.ch.FileDispatcherImpl.write0(Native Method)
	at java.base/sun.nio.ch.SocketDispatcher.write(SocketDispatcher.java:47)
	at java.base/sun.nio.ch.IOUtil.writeFromNativeBuffer(IOUtil.java:113)
	at java.base/sun.nio.ch.IOUtil.write(IOUtil.java:58)
	at java.base/sun.nio.ch.IOUtil.write(IOUtil.java:50)
	at java.base/sun.nio.ch.SocketChannelImpl.write(SocketChannelImpl.java:462)
	at io.netty.channel.socket.nio.NioSocketChannel.doWrite(NioSocketChannel.java:415)
	at io.netty.channel.AbstractChannel$AbstractUnsafe.flush0(AbstractChannel.java:931)
	at io.netty.channel.nio.AbstractNioChannel$AbstractNioUnsafe.forceFlush(AbstractNioChannel.java:361)
	at io.netty.channel.nio.NioEventLoop.processSelectedKey(NioEventLoop.java:782)
	at io.netty.channel.nio.NioEventLoop.processSelectedKeysOptimized(NioEventLoop.java:724)
	at io.netty.channel.nio.NioEventLoop.processSelectedKeys(NioEventLoop.java:650)
	at io.netty.channel.nio.NioEventLoop.run(NioEventLoop.java:562)
	at io.netty.util.concurrent.SingleThreadEventExecutor$4.run(SingleThreadEventExecutor.java:997)
	at io.netty.util.internal.ThreadExecutorMap$2.run(ThreadExecutorMap.java:74)
	at io.netty.util.concurrent.FastThreadLocalRunnable.run(FastThreadLocalRunnable.java:30)
	at java.base/java.lang.Thread.run(Thread.java:829)

May 21, 2023 10:17:02 AM io.gapi.emulators.netty.TcpProxyHandler$1 operationComplete
WARNING: Failed to complete operation
java.io.IOException: Connection reset by peer
	at java.base/sun.nio.ch.FileDispatcherImpl.write0(Native Method)
	at java.base/sun.nio.ch.SocketDispatcher.write(SocketDispatcher.java:47)
	at java.base/sun.nio.ch.IOUtil.writeFromNativeBuffer(IOUtil.java:113)
	at java.base/sun.nio.ch.IOUtil.write(IOUtil.java:58)
	at java.base/sun.nio.ch.IOUtil.write(IOUtil.java:50)
	at java.base/sun.nio.ch.SocketChannelImpl.write(SocketChannelImpl.java:462)
	at io.netty.channel.socket.nio.NioSocketChannel.doWrite(NioSocketChannel.java:415)
	at io.netty.channel.AbstractChannel$AbstractUnsafe.flush0(AbstractChannel.java:931)
	at io.netty.channel.nio.AbstractNioChannel$AbstractNioUnsafe.forceFlush(AbstractNioChannel.java:361)
	at io.netty.channel.nio.NioEventLoop.processSelectedKey(NioEventLoop.java:782)
	at io.netty.channel.nio.NioEventLoop.processSelectedKeysOptimized(NioEventLoop.java:724)
	at io.netty.channel.nio.NioEventLoop.processSelectedKeys(NioEventLoop.java:650)
	at io.netty.channel.nio.NioEventLoop.run(NioEventLoop.java:562)
	at io.netty.util.concurrent.SingleThreadEventExecutor$4.run(SingleThreadEventExecutor.java:997)
	at io.netty.util.internal.ThreadExecutorMap$2.run(ThreadExecutorMap.java:74)
	at io.netty.util.concurrent.FastThreadLocalRunnable.run(FastThreadLocalRunnable.java:30)
	at java.base/java.lang.Thread.run(Thread.java:829)

May 21, 2023 10:17:02 AM io.gapi.emulators.netty.TcpProxyHandler$1 operationComplete
WARNING: Failed to complete operation
java.io.IOException: Connection reset by peer
	at java.base/sun.nio.ch.FileDispatcherImpl.write0(Native Method)
	at java.base/sun.nio.ch.SocketDispatcher.write(SocketDispatcher.java:47)
	at java.base/sun.nio.ch.IOUtil.writeFromNativeBuffer(IOUtil.java:113)
	at java.base/sun.nio.ch.IOUtil.write(IOUtil.java:58)
	at java.base/sun.nio.ch.IOUtil.write(IOUtil.java:50)
	at java.base/sun.nio.ch.SocketChannelImpl.write(SocketChannelImpl.java:462)
	at io.netty.channel.socket.nio.NioSocketChannel.doWrite(NioSocketChannel.java:415)
	at io.netty.channel.AbstractChannel$AbstractUnsafe.flush0(AbstractChannel.java:931)
	at io.netty.channel.nio.AbstractNioChannel$AbstractNioUnsafe.forceFlush(AbstractNioChannel.java:361)
	at io.netty.channel.nio.NioEventLoop.processSelectedKey(NioEventLoop.java:782)
	at io.netty.channel.nio.NioEventLoop.processSelectedKeysOptimized(NioEventLoop.java:724)
	at io.netty.channel.nio.NioEventLoop.processSelectedKeys(NioEventLoop.java:650)
	at io.netty.channel.nio.NioEventLoop.run(NioEventLoop.java:562)
	at io.netty.util.concurrent.SingleThreadEventExecutor$4.run(SingleThreadEventExecutor.java:997)
	at io.netty.util.internal.ThreadExecutorMap$2.run(ThreadExecutorMap.java:74)
	at io.netty.util.concurrent.FastThreadLocalRunnable.run(FastThreadLocalRunnable.java:30)
	at java.base/java.lang.Thread.run(Thread.java:829)

May 21, 2023 10:17:02 AM io.gapi.emulators.netty.TcpProxyHandler$1 operationComplete
WARNING: Failed to complete operation
java.io.IOException: Connection reset by peer
	at java.base/sun.nio.ch.FileDispatcherImpl.write0(Native Method)
	at java.base/sun.nio.ch.SocketDispatcher.write(SocketDispatcher.java:47)
	at java.base/sun.nio.ch.IOUtil.writeFromNativeBuffer(IOUtil.java:113)
	at java.base/sun.nio.ch.IOUtil.write(IOUtil.java:58)
	at java.base/sun.nio.ch.IOUtil.write(IOUtil.java:50)
	at java.base/sun.nio.ch.SocketChannelImpl.write(SocketChannelImpl.java:462)
	at io.netty.channel.socket.nio.NioSocketChannel.doWrite(NioSocketChannel.java:415)
	at io.netty.channel.AbstractChannel$AbstractUnsafe.flush0(AbstractChannel.java:931)
	at io.netty.channel.nio.AbstractNioChannel$AbstractNioUnsafe.forceFlush(AbstractNioChannel.java:361)
	at io.netty.channel.nio.NioEventLoop.processSelectedKey(NioEventLoop.java:782)
	at io.netty.channel.nio.NioEventLoop.processSelectedKeysOptimized(NioEventLoop.java:724)
	at io.netty.channel.nio.NioEventLoop.processSelectedKeys(NioEventLoop.java:650)
	at io.netty.channel.nio.NioEventLoop.run(NioEventLoop.java:562)
	at io.netty.util.concurrent.SingleThreadEventExecutor$4.run(SingleThreadEventExecutor.java:997)
	at io.netty.util.internal.ThreadExecutorMap$2.run(ThreadExecutorMap.java:74)
	at io.netty.util.concurrent.FastThreadLocalRunnable.run(FastThreadLocalRunnable.java:30)
	at java.base/java.lang.Thread.run(Thread.java:829)

May 21, 2023 10:17:02 AM io.gapi.emulators.netty.TcpProxyHandler$1 operationComplete
WARNING: Failed to complete operation
java.io.IOException: Connection reset by peer
	at java.base/sun.nio.ch.FileDispatcherImpl.write0(Native Method)
	at java.base/sun.nio.ch.SocketDispatcher.write(SocketDispatcher.java:47)
	at java.base/sun.nio.ch.IOUtil.writeFromNativeBuffer(IOUtil.java:113)
	at java.base/sun.nio.ch.IOUtil.write(IOUtil.java:58)
	at java.base/sun.nio.ch.IOUtil.write(IOUtil.java:50)
	at java.base/sun.nio.ch.SocketChannelImpl.write(SocketChannelImpl.java:462)
	at io.netty.channel.socket.nio.NioSocketChannel.doWrite(NioSocketChannel.java:415)
	at io.netty.channel.AbstractChannel$AbstractUnsafe.flush0(AbstractChannel.java:931)
	at io.netty.channel.nio.AbstractNioChannel$AbstractNioUnsafe.forceFlush(AbstractNioChannel.java:361)
	at io.netty.channel.nio.NioEventLoop.processSelectedKey(NioEventLoop.java:782)
	at io.netty.channel.nio.NioEventLoop.processSelectedKeysOptimized(NioEventLoop.java:724)
	at io.netty.channel.nio.NioEventLoop.processSelectedKeys(NioEventLoop.java:650)
	at io.netty.channel.nio.NioEventLoop.run(NioEventLoop.java:562)
	at io.netty.util.concurrent.SingleThreadEventExecutor$4.run(SingleThreadEventExecutor.java:997)
	at io.netty.util.internal.ThreadExecutorMap$2.run(ThreadExecutorMap.java:74)
	at io.netty.util.concurrent.FastThreadLocalRunnable.run(FastThreadLocalRunnable.java:30)
	at java.base/java.lang.Thread.run(Thread.java:829)

May 21, 2023 10:17:02 AM io.gapi.emulators.netty.TcpProxyHandler$1 operationComplete
WARNING: Failed to complete operation
java.io.IOException: Connection reset by peer
	at java.base/sun.nio.ch.FileDispatcherImpl.write0(Native Method)
	at java.base/sun.nio.ch.SocketDispatcher.write(SocketDispatcher.java:47)
	at java.base/sun.nio.ch.IOUtil.writeFromNativeBuffer(IOUtil.java:113)
	at java.base/sun.nio.ch.IOUtil.write(IOUtil.java:58)
	at java.base/sun.nio.ch.IOUtil.write(IOUtil.java:50)
	at java.base/sun.nio.ch.SocketChannelImpl.write(SocketChannelImpl.java:462)
	at io.netty.channel.socket.nio.NioSocketChannel.doWrite(NioSocketChannel.java:415)
	at io.netty.channel.AbstractChannel$AbstractUnsafe.flush0(AbstractChannel.java:931)
	at io.netty.channel.nio.AbstractNioChannel$AbstractNioUnsafe.forceFlush(AbstractNioChannel.java:361)
	at io.netty.channel.nio.NioEventLoop.processSelectedKey(NioEventLoop.java:782)
	at io.netty.channel.nio.NioEventLoop.processSelectedKeysOptimized(NioEventLoop.java:724)
	at io.netty.channel.nio.NioEventLoop.processSelectedKeys(NioEventLoop.java:650)
	at io.netty.channel.nio.NioEventLoop.run(NioEventLoop.java:562)
	at io.netty.util.concurrent.SingleThreadEventExecutor$4.run(SingleThreadEventExecutor.java:997)
	at io.netty.util.internal.ThreadExecutorMap$2.run(ThreadExecutorMap.java:74)
	at io.netty.util.concurrent.FastThreadLocalRunnable.run(FastThreadLocalRunnable.java:30)
	at java.base/java.lang.Thread.run(Thread.java:829)

May 21, 2023 10:17:02 AM io.gapi.emulators.netty.TcpProxyHandler$1 operationComplete
WARNING: Failed to complete operation
java.io.IOException: Connection reset by peer
	at java.base/sun.nio.ch.FileDispatcherImpl.write0(Native Method)
	at java.base/sun.nio.ch.SocketDispatcher.write(SocketDispatcher.java:47)
	at java.base/sun.nio.ch.IOUtil.writeFromNativeBuffer(IOUtil.java:113)
	at java.base/sun.nio.ch.IOUtil.write(IOUtil.java:58)
	at java.base/sun.nio.ch.IOUtil.write(IOUtil.java:50)
	at java.base/sun.nio.ch.SocketChannelImpl.write(SocketChannelImpl.java:462)
	at io.netty.channel.socket.nio.NioSocketChannel.doWrite(NioSocketChannel.java:415)
	at io.netty.channel.AbstractChannel$AbstractUnsafe.flush0(AbstractChannel.java:931)
	at io.netty.channel.nio.AbstractNioChannel$AbstractNioUnsafe.forceFlush(AbstractNioChannel.java:361)
	at io.netty.channel.nio.NioEventLoop.processSelectedKey(NioEventLoop.java:782)
	at io.netty.channel.nio.NioEventLoop.processSelectedKeysOptimized(NioEventLoop.java:724)
	at io.netty.channel.nio.NioEventLoop.processSelectedKeys(NioEventLoop.java:650)
	at io.netty.channel.nio.NioEventLoop.run(NioEventLoop.java:562)
	at io.netty.util.concurrent.SingleThreadEventExecutor$4.run(SingleThreadEventExecutor.java:997)
	at io.netty.util.internal.ThreadExecutorMap$2.run(ThreadExecutorMap.java:74)
	at io.netty.util.concurrent.FastThreadLocalRunnable.run(FastThreadLocalRunnable.java:30)
	at java.base/java.lang.Thread.run(Thread.java:829)

May 21, 2023 10:17:02 AM io.gapi.emulators.netty.TcpProxyHandler$1 operationComplete
WARNING: Failed to complete operation
java.io.IOException: Connection reset by peer
	at java.base/sun.nio.ch.FileDispatcherImpl.write0(Native Method)
	at java.base/sun.nio.ch.SocketDispatcher.write(SocketDispatcher.java:47)
	at java.base/sun.nio.ch.IOUtil.writeFromNativeBuffer(IOUtil.java:113)
	at java.base/sun.nio.ch.IOUtil.write(IOUtil.java:58)
	at java.base/sun.nio.ch.IOUtil.write(IOUtil.java:50)
	at java.base/sun.nio.ch.SocketChannelImpl.write(SocketChannelImpl.java:462)
	at io.netty.channel.socket.nio.NioSocketChannel.doWrite(NioSocketChannel.java:415)
	at io.netty.channel.AbstractChannel$AbstractUnsafe.flush0(AbstractChannel.java:931)
	at io.netty.channel.nio.AbstractNioChannel$AbstractNioUnsafe.forceFlush(AbstractNioChannel.java:361)
	at io.netty.channel.nio.NioEventLoop.processSelectedKey(NioEventLoop.java:782)
	at io.netty.channel.nio.NioEventLoop.processSelectedKeysOptimized(NioEventLoop.java:724)
	at io.netty.channel.nio.NioEventLoop.processSelectedKeys(NioEventLoop.java:650)
	at io.netty.channel.nio.NioEventLoop.run(NioEventLoop.java:562)
	at io.netty.util.concurrent.SingleThreadEventExecutor$4.run(SingleThreadEventExecutor.java:997)
	at io.netty.util.internal.ThreadExecutorMap$2.run(ThreadExecutorMap.java:74)
	at io.netty.util.concurrent.FastThreadLocalRunnable.run(FastThreadLocalRunnable.java:30)
	at java.base/java.lang.Thread.run(Thread.java:829)

May 21, 2023 10:17:02 AM io.gapi.emulators.netty.TcpProxyHandler$1 operationComplete
WARNING: Failed to complete operation
java.io.IOException: Connection reset by peer
	at java.base/sun.nio.ch.FileDispatcherImpl.write0(Native Method)
	at java.base/sun.nio.ch.SocketDispatcher.write(SocketDispatcher.java:47)
	at java.base/sun.nio.ch.IOUtil.writeFromNativeBuffer(IOUtil.java:113)
	at java.base/sun.nio.ch.IOUtil.write(IOUtil.java:58)
	at java.base/sun.nio.ch.IOUtil.write(IOUtil.java:50)
	at java.base/sun.nio.ch.SocketChannelImpl.write(SocketChannelImpl.java:462)
	at io.netty.channel.socket.nio.NioSocketChannel.doWrite(NioSocketChannel.java:415)
	at io.netty.channel.AbstractChannel$AbstractUnsafe.flush0(AbstractChannel.java:931)
	at io.netty.channel.nio.AbstractNioChannel$AbstractNioUnsafe.forceFlush(AbstractNioChannel.java:361)
	at io.netty.channel.nio.NioEventLoop.processSelectedKey(NioEventLoop.java:782)
	at io.netty.channel.nio.NioEventLoop.processSelectedKeysOptimized(NioEventLoop.java:724)
	at io.netty.channel.nio.NioEventLoop.processSelectedKeys(NioEventLoop.java:650)
	at io.netty.channel.nio.NioEventLoop.run(NioEventLoop.java:562)
	at io.netty.util.concurrent.SingleThreadEventExecutor$4.run(SingleThreadEventExecutor.java:997)
	at io.netty.util.internal.ThreadExecutorMap$2.run(ThreadExecutorMap.java:74)
	at io.netty.util.concurrent.FastThreadLocalRunnable.run(FastThreadLocalRunnable.java:30)
	at java.base/java.lang.Thread.run(Thread.java:829)

May 21, 2023 10:17:02 AM io.gapi.emulators.netty.TcpProxyHandler$1 operationComplete
WARNING: Failed to complete operation
java.io.IOException: Connection reset by peer
	at java.base/sun.nio.ch.FileDispatcherImpl.write0(Native Method)
	at java.base/sun.nio.ch.SocketDispatcher.write(SocketDispatcher.java:47)
	at java.base/sun.nio.ch.IOUtil.writeFromNativeBuffer(IOUtil.java:113)
	at java.base/sun.nio.ch.IOUtil.write(IOUtil.java:58)
	at java.base/sun.nio.ch.IOUtil.write(IOUtil.java:50)
	at java.base/sun.nio.ch.SocketChannelImpl.write(SocketChannelImpl.java:462)
	at io.netty.channel.socket.nio.NioSocketChannel.doWrite(NioSocketChannel.java:415)
	at io.netty.channel.AbstractChannel$AbstractUnsafe.flush0(AbstractChannel.java:931)
	at io.netty.channel.nio.AbstractNioChannel$AbstractNioUnsafe.forceFlush(AbstractNioChannel.java:361)
	at io.netty.channel.nio.NioEventLoop.processSelectedKey(NioEventLoop.java:782)
	at io.netty.channel.nio.NioEventLoop.processSelectedKeysOptimized(NioEventLoop.java:724)
	at io.netty.channel.nio.NioEventLoop.processSelectedKeys(NioEventLoop.java:650)
	at io.netty.channel.nio.NioEventLoop.run(NioEventLoop.java:562)
	at io.netty.util.concurrent.SingleThreadEventExecutor$4.run(SingleThreadEventExecutor.java:997)
	at io.netty.util.internal.ThreadExecutorMap$2.run(ThreadExecutorMap.java:74)
	at io.netty.util.concurrent.FastThreadLocalRunnable.run(FastThreadLocalRunnable.java:30)
	at java.base/java.lang.Thread.run(Thread.java:829)

May 21, 2023 10:17:02 AM io.gapi.emulators.netty.TcpProxyHandler$1 operationComplete
WARNING: Failed to complete operation
java.io.IOException: Connection reset by peer
	at java.base/sun.nio.ch.FileDispatcherImpl.write0(Native Method)
	at java.base/sun.nio.ch.SocketDispatcher.write(SocketDispatcher.java:47)
	at java.base/sun.nio.ch.IOUtil.writeFromNativeBuffer(IOUtil.java:113)
	at java.base/sun.nio.ch.IOUtil.write(IOUtil.java:58)
	at java.base/sun.nio.ch.IOUtil.write(IOUtil.java:50)
	at java.base/sun.nio.ch.SocketChannelImpl.write(SocketChannelImpl.java:462)
	at io.netty.channel.socket.nio.NioSocketChannel.doWrite(NioSocketChannel.java:415)
	at io.netty.channel.AbstractChannel$AbstractUnsafe.flush0(AbstractChannel.java:931)
	at io.netty.channel.nio.AbstractNioChannel$AbstractNioUnsafe.forceFlush(AbstractNioChannel.java:361)
	at io.netty.channel.nio.NioEventLoop.processSelectedKey(NioEventLoop.java:782)
	at io.netty.channel.nio.NioEventLoop.processSelectedKeysOptimized(NioEventLoop.java:724)
	at io.netty.channel.nio.NioEventLoop.processSelectedKeys(NioEventLoop.java:650)
	at io.netty.channel.nio.NioEventLoop.run(NioEventLoop.java:562)
	at io.netty.util.concurrent.SingleThreadEventExecutor$4.run(SingleThreadEventExecutor.java:997)
	at io.netty.util.internal.ThreadExecutorMap$2.run(ThreadExecutorMap.java:74)
	at io.netty.util.concurrent.FastThreadLocalRunnable.run(FastThreadLocalRunnable.java:30)
	at java.base/java.lang.Thread.run(Thread.java:829)

May 21, 2023 10:17:02 AM io.gapi.emulators.netty.TcpProxyHandler$1 operationComplete
WARNING: Failed to complete operation
java.io.IOException: Connection reset by peer
	at java.base/sun.nio.ch.FileDispatcherImpl.write0(Native Method)
	at java.base/sun.nio.ch.SocketDispatcher.write(SocketDispatcher.java:47)
	at java.base/sun.nio.ch.IOUtil.writeFromNativeBuffer(IOUtil.java:113)
	at java.base/sun.nio.ch.IOUtil.write(IOUtil.java:58)
	at java.base/sun.nio.ch.IOUtil.write(IOUtil.java:50)
	at java.base/sun.nio.ch.SocketChannelImpl.write(SocketChannelImpl.java:462)
	at io.netty.channel.socket.nio.NioSocketChannel.doWrite(NioSocketChannel.java:415)
	at io.netty.channel.AbstractChannel$AbstractUnsafe.flush0(AbstractChannel.java:931)
	at io.netty.channel.nio.AbstractNioChannel$AbstractNioUnsafe.forceFlush(AbstractNioChannel.java:361)
	at io.netty.channel.nio.NioEventLoop.processSelectedKey(NioEventLoop.java:782)
	at io.netty.channel.nio.NioEventLoop.processSelectedKeysOptimized(NioEventLoop.java:724)
	at io.netty.channel.nio.NioEventLoop.processSelectedKeys(NioEventLoop.java:650)
	at io.netty.channel.nio.NioEventLoop.run(NioEventLoop.java:562)
	at io.netty.util.concurrent.SingleThreadEventExecutor$4.run(SingleThreadEventExecutor.java:997)
	at io.netty.util.internal.ThreadExecutorMap$2.run(ThreadExecutorMap.java:74)
	at io.netty.util.concurrent.FastThreadLocalRunnable.run(FastThreadLocalRunnable.java:30)
	at java.base/java.lang.Thread.run(Thread.java:829)

May 21, 2023 10:17:44 AM io.gapi.emulators.netty.HttpVersionRoutingHandler channelRead
INFO: Detected HTTP/2 connection.
May 21, 2023 10:18:18 AM io.gapi.emulators.netty.HttpVersionRoutingHandler channelRead
INFO: Detected HTTP/2 connection.
May 21, 2023 10:18:18 AM io.netty.channel.DefaultChannelPipeline onUnhandledInboundException
WARNING: An exceptionCaught() event was fired, and it reached at the tail of the pipeline. It usually means the last handler in the pipeline did not handle the exception.
java.io.IOException: Connection reset by peer
	at java.base/sun.nio.ch.FileDispatcherImpl.read0(Native Method)
	at java.base/sun.nio.ch.SocketDispatcher.read(SocketDispatcher.java:39)
	at java.base/sun.nio.ch.IOUtil.readIntoNativeBuffer(IOUtil.java:276)
	at java.base/sun.nio.ch.IOUtil.read(IOUtil.java:233)
	at java.base/sun.nio.ch.IOUtil.read(IOUtil.java:223)
	at java.base/sun.nio.ch.SocketChannelImpl.read(SocketChannelImpl.java:356)
	at io.netty.buffer.PooledByteBuf.setBytes(PooledByteBuf.java:259)
	at io.netty.buffer.AbstractByteBuf.writeBytes(AbstractByteBuf.java:1132)
	at io.netty.channel.socket.nio.NioSocketChannel.doReadBytes(NioSocketChannel.java:357)
	at io.netty.channel.nio.AbstractNioByteChannel$NioByteUnsafe.read(AbstractNioByteChannel.java:151)
	at io.netty.channel.nio.NioEventLoop.processSelectedKey(NioEventLoop.java:788)
	at io.netty.channel.nio.NioEventLoop.processSelectedKeysOptimized(NioEventLoop.java:724)
	at io.netty.channel.nio.NioEventLoop.processSelectedKeys(NioEventLoop.java:650)
	at io.netty.channel.nio.NioEventLoop.run(NioEventLoop.java:562)
	at io.netty.util.concurrent.SingleThreadEventExecutor$4.run(SingleThreadEventExecutor.java:997)
	at io.netty.util.internal.ThreadExecutorMap$2.run(ThreadExecutorMap.java:74)
	at io.netty.util.concurrent.FastThreadLocalRunnable.run(FastThreadLocalRunnable.java:30)
	at java.base/java.lang.Thread.run(Thread.java:829)

May 21, 2023 10:20:58 AM io.gapi.emulators.netty.HttpVersionRoutingHandler channelRead
INFO: Detected HTTP/2 connection.
May 21, 2023 10:21:42 AM io.gapi.emulators.netty.HttpVersionRoutingHandler channelRead
INFO: Detected HTTP/2 connection.
May 21, 2023 2:12:53 PM io.gapi.emulators.netty.HttpVersionRoutingHandler channelRead
INFO: Detected HTTP/2 connection.
May 21, 2023 2:16:14 PM io.gapi.emulators.netty.HttpVersionRoutingHandler channelRead
INFO: Detected HTTP/2 connection.
May 21, 2023 2:18:59 PM io.gapi.emulators.netty.HttpVersionRoutingHandler channelRead
INFO: Detected HTTP/2 connection.
May 21, 2023 2:19:14 PM io.gapi.emulators.netty.HttpVersionRoutingHandler channelRead
INFO: Detected HTTP/2 connection.
May 21, 2023 2:22:21 PM io.gapi.emulators.netty.HttpVersionRoutingHandler channelRead
INFO: Detected HTTP/2 connection.
May 21, 2023 2:24:59 PM io.gapi.emulators.netty.HttpVersionRoutingHandler channelRead
INFO: Detected HTTP/2 connection.
May 21, 2023 2:26:55 PM io.gapi.emulators.netty.HttpVersionRoutingHandler channelRead
INFO: Detected HTTP/2 connection.
May 21, 2023 2:28:26 PM io.gapi.emulators.netty.HttpVersionRoutingHandler channelRead
INFO: Detected HTTP/2 connection.
May 21, 2023 2:43:56 PM io.gapi.emulators.netty.HttpVersionRoutingHandler channelRead
INFO: Detected HTTP/2 connection.
May 21, 2023 2:44:51 PM io.gapi.emulators.netty.HttpVersionRoutingHandler channelRead
INFO: Detected HTTP/2 connection.
May 21, 2023 2:48:29 PM io.gapi.emulators.netty.HttpVersionRoutingHandler channelRead
INFO: Detected HTTP/2 connection.
May 21, 2023 2:48:47 PM io.gapi.emulators.netty.HttpVersionRoutingHandler channelRead
INFO: Detected HTTP/2 connection.
May 21, 2023 2:49:04 PM io.gapi.emulators.netty.HttpVersionRoutingHandler channelRead
INFO: Detected HTTP/2 connection.
May 21, 2023 2:49:36 PM io.gapi.emulators.netty.HttpVersionRoutingHandler channelRead
INFO: Detected HTTP/2 connection.
May 21, 2023 3:58:10 PM io.gapi.emulators.netty.HttpVersionRoutingHandler channelRead
INFO: Detected HTTP/2 connection.
May 21, 2023 3:58:38 PM io.gapi.emulators.netty.HttpVersionRoutingHandler channelRead
INFO: Detected HTTP/2 connection.
May 21, 2023 3:58:48 PM io.gapi.emulators.netty.HttpVersionRoutingHandler channelRead
INFO: Detected HTTP/2 connection.
May 21, 2023 3:59:57 PM io.gapi.emulators.netty.HttpVersionRoutingHandler channelRead
INFO: Detected HTTP/2 connection.
May 21, 2023 4:01:11 PM io.gapi.emulators.netty.HttpVersionRoutingHandler channelRead
INFO: Detected HTTP/2 connection.
May 21, 2023 4:03:01 PM io.gapi.emulators.netty.HttpVersionRoutingHandler channelRead
INFO: Detected HTTP/2 connection.
May 21, 2023 4:11:03 PM io.gapi.emulators.netty.HttpVersionRoutingHandler channelRead
INFO: Detected HTTP/2 connection.
May 21, 2023 4:12:26 PM io.gapi.emulators.netty.HttpVersionRoutingHandler channelRead
INFO: Detected HTTP/2 connection.
May 21, 2023 4:13:01 PM io.gapi.emulators.netty.HttpVersionRoutingHandler channelRead
INFO: Detected HTTP/2 connection.
May 21, 2023 4:20:23 PM io.gapi.emulators.netty.HttpVersionRoutingHandler channelRead
INFO: Detected HTTP/2 connection.
May 21, 2023 4:21:04 PM io.gapi.emulators.netty.HttpVersionRoutingHandler channelRead
INFO: Detected HTTP/2 connection.
May 21, 2023 4:25:42 PM io.gapi.emulators.netty.HttpVersionRoutingHandler channelRead
INFO: Detected HTTP/2 connection.
May 21, 2023 5:28:11 PM io.gapi.emulators.netty.HttpVersionRoutingHandler channelRead
INFO: Detected HTTP/2 connection.
May 21, 2023 5:28:13 PM io.grpc.netty.NettyServerHandler onStreamError
WARNING: Stream Error
io.netty.handler.codec.http2.Http2Exception$StreamException: Stream closed before write could take place
	at io.netty.handler.codec.http2.Http2Exception.streamError(Http2Exception.java:173)
	at io.netty.handler.codec.http2.DefaultHttp2RemoteFlowController$FlowState.cancel(DefaultHttp2RemoteFlowController.java:481)
	at io.netty.handler.codec.http2.DefaultHttp2RemoteFlowController$1.onStreamClosed(DefaultHttp2RemoteFlowController.java:105)
	at io.netty.handler.codec.http2.DefaultHttp2Connection.notifyClosed(DefaultHttp2Connection.java:357)
	at io.netty.handler.codec.http2.DefaultHttp2Connection$ActiveStreams.removeFromActiveStreams(DefaultHttp2Connection.java:1007)
	at io.netty.handler.codec.http2.DefaultHttp2Connection$ActiveStreams.deactivate(DefaultHttp2Connection.java:963)
	at io.netty.handler.codec.http2.DefaultHttp2Connection$DefaultStream.close(DefaultHttp2Connection.java:515)
	at io.netty.handler.codec.http2.DefaultHttp2Connection$DefaultStream.close(DefaultHttp2Connection.java:521)
	at io.netty.handler.codec.http2.Http2ConnectionHandler.closeStream(Http2ConnectionHandler.java:628)
	at io.netty.handler.codec.http2.DefaultHttp2ConnectionDecoder$FrameReadListener.onRstStreamRead(DefaultHttp2ConnectionDecoder.java:444)
	at io.netty.handler.codec.http2.Http2InboundFrameLogger$1.onRstStreamRead(Http2InboundFrameLogger.java:80)
	at io.netty.handler.codec.http2.DefaultHttp2FrameReader.readRstStreamFrame(DefaultHttp2FrameReader.java:509)
	at io.netty.handler.codec.http2.DefaultHttp2FrameReader.processPayloadState(DefaultHttp2FrameReader.java:259)
	at io.netty.handler.codec.http2.DefaultHttp2FrameReader.readFrame(DefaultHttp2FrameReader.java:159)
	at io.netty.handler.codec.http2.Http2InboundFrameLogger.readFrame(Http2InboundFrameLogger.java:41)
	at io.netty.handler.codec.http2.DefaultHttp2ConnectionDecoder.decodeFrame(DefaultHttp2ConnectionDecoder.java:173)
	at io.netty.handler.codec.http2.Http2ConnectionHandler$FrameDecoder.decode(Http2ConnectionHandler.java:393)
	at io.netty.handler.codec.http2.Http2ConnectionHandler.decode(Http2ConnectionHandler.java:453)
	at io.netty.handler.codec.ByteToMessageDecoder.decodeRemovalReentryProtection(ByteToMessageDecoder.java:529)
	at io.netty.handler.codec.ByteToMessageDecoder.callDecode(ByteToMessageDecoder.java:468)
	at io.netty.handler.codec.ByteToMessageDecoder.channelRead(ByteToMessageDecoder.java:290)
	at io.netty.channel.AbstractChannelHandlerContext.invokeChannelRead(AbstractChannelHandlerContext.java:444)
	at io.netty.channel.AbstractChannelHandlerContext.invokeChannelRead(AbstractChannelHandlerContext.java:420)
	at io.netty.channel.AbstractChannelHandlerContext.fireChannelRead(AbstractChannelHandlerContext.java:412)
	at io.netty.channel.DefaultChannelPipeline$HeadContext.channelRead(DefaultChannelPipeline.java:1410)
	at io.netty.channel.AbstractChannelHandlerContext.invokeChannelRead(AbstractChannelHandlerContext.java:440)
	at io.netty.channel.AbstractChannelHandlerContext.invokeChannelRead(AbstractChannelHandlerContext.java:420)
	at io.netty.channel.DefaultChannelPipeline.fireChannelRead(DefaultChannelPipeline.java:919)
	at io.netty.channel.nio.AbstractNioByteChannel$NioByteUnsafe.read(AbstractNioByteChannel.java:166)
	at io.netty.channel.nio.NioEventLoop.processSelectedKey(NioEventLoop.java:788)
	at io.netty.channel.nio.NioEventLoop.processSelectedKeysOptimized(NioEventLoop.java:724)
	at io.netty.channel.nio.NioEventLoop.processSelectedKeys(NioEventLoop.java:650)
	at io.netty.channel.nio.NioEventLoop.run(NioEventLoop.java:562)
	at io.netty.util.concurrent.SingleThreadEventExecutor$4.run(SingleThreadEventExecutor.java:997)
	at io.netty.util.internal.ThreadExecutorMap$2.run(ThreadExecutorMap.java:74)
	at io.netty.util.concurrent.FastThreadLocalRunnable.run(FastThreadLocalRunnable.java:30)
	at java.base/java.lang.Thread.run(Thread.java:829)

May 21, 2023 5:28:13 PM io.grpc.netty.NettyServerHandler onStreamError
WARNING: Stream Error
io.netty.handler.codec.http2.Http2Exception$StreamException: Stream closed before write could take place
	at io.netty.handler.codec.http2.Http2Exception.streamError(Http2Exception.java:173)
	at io.netty.handler.codec.http2.DefaultHttp2RemoteFlowController$FlowState.cancel(DefaultHttp2RemoteFlowController.java:481)
	at io.netty.handler.codec.http2.DefaultHttp2RemoteFlowController$1.onStreamClosed(DefaultHttp2RemoteFlowController.java:105)
	at io.netty.handler.codec.http2.DefaultHttp2Connection.notifyClosed(DefaultHttp2Connection.java:357)
	at io.netty.handler.codec.http2.DefaultHttp2Connection$ActiveStreams.removeFromActiveStreams(DefaultHttp2Connection.java:1007)
	at io.netty.handler.codec.http2.DefaultHttp2Connection$ActiveStreams.deactivate(DefaultHttp2Connection.java:963)
	at io.netty.handler.codec.http2.DefaultHttp2Connection$DefaultStream.close(DefaultHttp2Connection.java:515)
	at io.netty.handler.codec.http2.DefaultHttp2Connection$DefaultStream.close(DefaultHttp2Connection.java:521)
	at io.netty.handler.codec.http2.Http2ConnectionHandler.closeStream(Http2ConnectionHandler.java:628)
	at io.netty.handler.codec.http2.DefaultHttp2ConnectionDecoder$FrameReadListener.onRstStreamRead(DefaultHttp2ConnectionDecoder.java:444)
	at io.netty.handler.codec.http2.Http2InboundFrameLogger$1.onRstStreamRead(Http2InboundFrameLogger.java:80)
	at io.netty.handler.codec.http2.DefaultHttp2FrameReader.readRstStreamFrame(DefaultHttp2FrameReader.java:509)
	at io.netty.handler.codec.http2.DefaultHttp2FrameReader.processPayloadState(DefaultHttp2FrameReader.java:259)
	at io.netty.handler.codec.http2.DefaultHttp2FrameReader.readFrame(DefaultHttp2FrameReader.java:159)
	at io.netty.handler.codec.http2.Http2InboundFrameLogger.readFrame(Http2InboundFrameLogger.java:41)
	at io.netty.handler.codec.http2.DefaultHttp2ConnectionDecoder.decodeFrame(DefaultHttp2ConnectionDecoder.java:173)
	at io.netty.handler.codec.http2.Http2ConnectionHandler$FrameDecoder.decode(Http2ConnectionHandler.java:393)
	at io.netty.handler.codec.http2.Http2ConnectionHandler.decode(Http2ConnectionHandler.java:453)
	at io.netty.handler.codec.ByteToMessageDecoder.decodeRemovalReentryProtection(ByteToMessageDecoder.java:529)
	at io.netty.handler.codec.ByteToMessageDecoder.callDecode(ByteToMessageDecoder.java:468)
	at io.netty.handler.codec.ByteToMessageDecoder.channelRead(ByteToMessageDecoder.java:290)
	at io.netty.channel.AbstractChannelHandlerContext.invokeChannelRead(AbstractChannelHandlerContext.java:444)
	at io.netty.channel.AbstractChannelHandlerContext.invokeChannelRead(AbstractChannelHandlerContext.java:420)
	at io.netty.channel.AbstractChannelHandlerContext.fireChannelRead(AbstractChannelHandlerContext.java:412)
	at io.netty.channel.DefaultChannelPipeline$HeadContext.channelRead(DefaultChannelPipeline.java:1410)
	at io.netty.channel.AbstractChannelHandlerContext.invokeChannelRead(AbstractChannelHandlerContext.java:440)
	at io.netty.channel.AbstractChannelHandlerContext.invokeChannelRead(AbstractChannelHandlerContext.java:420)
	at io.netty.channel.DefaultChannelPipeline.fireChannelRead(DefaultChannelPipeline.java:919)
	at io.netty.channel.nio.AbstractNioByteChannel$NioByteUnsafe.read(AbstractNioByteChannel.java:166)
	at io.netty.channel.nio.NioEventLoop.processSelectedKey(NioEventLoop.java:788)
	at io.netty.channel.nio.NioEventLoop.processSelectedKeysOptimized(NioEventLoop.java:724)
	at io.netty.channel.nio.NioEventLoop.processSelectedKeys(NioEventLoop.java:650)
	at io.netty.channel.nio.NioEventLoop.run(NioEventLoop.java:562)
	at io.netty.util.concurrent.SingleThreadEventExecutor$4.run(SingleThreadEventExecutor.java:997)
	at io.netty.util.internal.ThreadExecutorMap$2.run(ThreadExecutorMap.java:74)
	at io.netty.util.concurrent.FastThreadLocalRunnable.run(FastThreadLocalRunnable.java:30)
	at java.base/java.lang.Thread.run(Thread.java:829)

May 21, 2023 5:32:04 PM io.gapi.emulators.netty.HttpVersionRoutingHandler channelRead
INFO: Detected HTTP/2 connection.
May 21, 2023 5:43:49 PM io.gapi.emulators.netty.HttpVersionRoutingHandler channelRead
INFO: Detected HTTP/2 connection.
May 21, 2023 5:45:02 PM io.gapi.emulators.netty.HttpVersionRoutingHandler channelRead
INFO: Detected HTTP/2 connection.
May 21, 2023 5:46:30 PM io.gapi.emulators.netty.HttpVersionRoutingHandler channelRead
INFO: Detected HTTP/2 connection.
May 21, 2023 5:50:15 PM io.gapi.emulators.netty.HttpVersionRoutingHandler channelRead
INFO: Detected HTTP/2 connection.
May 21, 2023 5:56:47 PM io.gapi.emulators.netty.HttpVersionRoutingHandler channelRead
INFO: Detected HTTP/2 connection.
May 21, 2023 5:59:19 PM io.gapi.emulators.netty.HttpVersionRoutingHandler channelRead
INFO: Detected HTTP/2 connection.
May 21, 2023 5:59:38 PM io.gapi.emulators.netty.HttpVersionRoutingHandler channelRead
INFO: Detected HTTP/2 connection.
May 21, 2023 6:00:23 PM io.gapi.emulators.netty.HttpVersionRoutingHandler channelRead
INFO: Detected HTTP/2 connection.
May 21, 2023 6:01:36 PM io.gapi.emulators.netty.HttpVersionRoutingHandler channelRead
INFO: Detected HTTP/2 connection.
May 21, 2023 6:31:48 PM io.gapi.emulators.netty.HttpVersionRoutingHandler channelRead
INFO: Detected HTTP/2 connection.
May 21, 2023 6:32:13 PM io.gapi.emulators.netty.HttpVersionRoutingHandler channelRead
INFO: Detected HTTP/2 connection.
May 21, 2023 6:33:12 PM io.gapi.emulators.netty.HttpVersionRoutingHandler channelRead
INFO: Detected HTTP/2 connection.
May 21, 2023 6:34:22 PM io.gapi.emulators.netty.HttpVersionRoutingHandler channelRead
INFO: Detected HTTP/2 connection.
May 21, 2023 6:55:27 PM io.gapi.emulators.netty.HttpVersionRoutingHandler channelRead
INFO: Detected HTTP/2 connection.
May 21, 2023 6:56:14 PM io.gapi.emulators.netty.HttpVersionRoutingHandler channelRead
INFO: Detected HTTP/2 connection.
May 21, 2023 7:00:08 PM io.gapi.emulators.netty.HttpVersionRoutingHandler channelRead
INFO: Detected HTTP/2 connection.
May 21, 2023 7:00:47 PM io.gapi.emulators.netty.HttpVersionRoutingHandler channelRead
INFO: Detected HTTP/2 connection.
May 21, 2023 8:37:05 PM io.gapi.emulators.netty.HttpVersionRoutingHandler channelRead
INFO: Detected HTTP/2 connection.
May 21, 2023 8:40:16 PM io.gapi.emulators.netty.HttpVersionRoutingHandler channelRead
INFO: Detected HTTP/2 connection.
May 21, 2023 8:50:57 PM io.gapi.emulators.netty.HttpVersionRoutingHandler channelRead
INFO: Detected HTTP/2 connection.
May 21, 2023 8:59:16 PM io.gapi.emulators.netty.HttpVersionRoutingHandler channelRead
INFO: Detected HTTP/2 connection.
May 21, 2023 8:59:19 PM io.grpc.netty.NettyServerHandler onStreamError
WARNING: Stream Error
io.netty.handler.codec.http2.Http2Exception$StreamException: Stream closed before write could take place
	at io.netty.handler.codec.http2.Http2Exception.streamError(Http2Exception.java:173)
	at io.netty.handler.codec.http2.DefaultHttp2RemoteFlowController$FlowState.cancel(DefaultHttp2RemoteFlowController.java:481)
	at io.netty.handler.codec.http2.DefaultHttp2RemoteFlowController$1.onStreamClosed(DefaultHttp2RemoteFlowController.java:105)
	at io.netty.handler.codec.http2.DefaultHttp2Connection.notifyClosed(DefaultHttp2Connection.java:357)
	at io.netty.handler.codec.http2.DefaultHttp2Connection$ActiveStreams.removeFromActiveStreams(DefaultHttp2Connection.java:1007)
	at io.netty.handler.codec.http2.DefaultHttp2Connection$ActiveStreams.deactivate(DefaultHttp2Connection.java:963)
	at io.netty.handler.codec.http2.DefaultHttp2Connection$DefaultStream.close(DefaultHttp2Connection.java:515)
	at io.netty.handler.codec.http2.DefaultHttp2Connection$DefaultStream.close(DefaultHttp2Connection.java:521)
	at io.netty.handler.codec.http2.Http2ConnectionHandler.closeStream(Http2ConnectionHandler.java:628)
	at io.netty.handler.codec.http2.DefaultHttp2ConnectionDecoder$FrameReadListener.onRstStreamRead(DefaultHttp2ConnectionDecoder.java:444)
	at io.netty.handler.codec.http2.Http2InboundFrameLogger$1.onRstStreamRead(Http2InboundFrameLogger.java:80)
	at io.netty.handler.codec.http2.DefaultHttp2FrameReader.readRstStreamFrame(DefaultHttp2FrameReader.java:509)
	at io.netty.handler.codec.http2.DefaultHttp2FrameReader.processPayloadState(DefaultHttp2FrameReader.java:259)
	at io.netty.handler.codec.http2.DefaultHttp2FrameReader.readFrame(DefaultHttp2FrameReader.java:159)
	at io.netty.handler.codec.http2.Http2InboundFrameLogger.readFrame(Http2InboundFrameLogger.java:41)
	at io.netty.handler.codec.http2.DefaultHttp2ConnectionDecoder.decodeFrame(DefaultHttp2ConnectionDecoder.java:173)
	at io.netty.handler.codec.http2.Http2ConnectionHandler$FrameDecoder.decode(Http2ConnectionHandler.java:393)
	at io.netty.handler.codec.http2.Http2ConnectionHandler.decode(Http2ConnectionHandler.java:453)
	at io.netty.handler.codec.ByteToMessageDecoder.decodeRemovalReentryProtection(ByteToMessageDecoder.java:529)
	at io.netty.handler.codec.ByteToMessageDecoder.callDecode(ByteToMessageDecoder.java:468)
	at io.netty.handler.codec.ByteToMessageDecoder.channelRead(ByteToMessageDecoder.java:290)
	at io.netty.channel.AbstractChannelHandlerContext.invokeChannelRead(AbstractChannelHandlerContext.java:444)
	at io.netty.channel.AbstractChannelHandlerContext.invokeChannelRead(AbstractChannelHandlerContext.java:420)
	at io.netty.channel.AbstractChannelHandlerContext.fireChannelRead(AbstractChannelHandlerContext.java:412)
	at io.netty.channel.DefaultChannelPipeline$HeadContext.channelRead(DefaultChannelPipeline.java:1410)
	at io.netty.channel.AbstractChannelHandlerContext.invokeChannelRead(AbstractChannelHandlerContext.java:440)
	at io.netty.channel.AbstractChannelHandlerContext.invokeChannelRead(AbstractChannelHandlerContext.java:420)
	at io.netty.channel.DefaultChannelPipeline.fireChannelRead(DefaultChannelPipeline.java:919)
	at io.netty.channel.nio.AbstractNioByteChannel$NioByteUnsafe.read(AbstractNioByteChannel.java:166)
	at io.netty.channel.nio.NioEventLoop.processSelectedKey(NioEventLoop.java:788)
	at io.netty.channel.nio.NioEventLoop.processSelectedKeysOptimized(NioEventLoop.java:724)
	at io.netty.channel.nio.NioEventLoop.processSelectedKeys(NioEventLoop.java:650)
	at io.netty.channel.nio.NioEventLoop.run(NioEventLoop.java:562)
	at io.netty.util.concurrent.SingleThreadEventExecutor$4.run(SingleThreadEventExecutor.java:997)
	at io.netty.util.internal.ThreadExecutorMap$2.run(ThreadExecutorMap.java:74)
	at io.netty.util.concurrent.FastThreadLocalRunnable.run(FastThreadLocalRunnable.java:30)
	at java.base/java.lang.Thread.run(Thread.java:829)

May 21, 2023 8:59:19 PM io.grpc.netty.NettyServerHandler onStreamError
WARNING: Stream Error
io.netty.handler.codec.http2.Http2Exception$StreamException: Stream closed before write could take place
	at io.netty.handler.codec.http2.Http2Exception.streamError(Http2Exception.java:173)
	at io.netty.handler.codec.http2.DefaultHttp2RemoteFlowController$FlowState.cancel(DefaultHttp2RemoteFlowController.java:481)
	at io.netty.handler.codec.http2.DefaultHttp2RemoteFlowController$1.onStreamClosed(DefaultHttp2RemoteFlowController.java:105)
	at io.netty.handler.codec.http2.DefaultHttp2Connection.notifyClosed(DefaultHttp2Connection.java:357)
	at io.netty.handler.codec.http2.DefaultHttp2Connection$ActiveStreams.removeFromActiveStreams(DefaultHttp2Connection.java:1007)
	at io.netty.handler.codec.http2.DefaultHttp2Connection$ActiveStreams.deactivate(DefaultHttp2Connection.java:963)
	at io.netty.handler.codec.http2.DefaultHttp2Connection$DefaultStream.close(DefaultHttp2Connection.java:515)
	at io.netty.handler.codec.http2.DefaultHttp2Connection$DefaultStream.close(DefaultHttp2Connection.java:521)
	at io.netty.handler.codec.http2.Http2ConnectionHandler.closeStream(Http2ConnectionHandler.java:628)
	at io.netty.handler.codec.http2.DefaultHttp2ConnectionDecoder$FrameReadListener.onRstStreamRead(DefaultHttp2ConnectionDecoder.java:444)
	at io.netty.handler.codec.http2.Http2InboundFrameLogger$1.onRstStreamRead(Http2InboundFrameLogger.java:80)
	at io.netty.handler.codec.http2.DefaultHttp2FrameReader.readRstStreamFrame(DefaultHttp2FrameReader.java:509)
	at io.netty.handler.codec.http2.DefaultHttp2FrameReader.processPayloadState(DefaultHttp2FrameReader.java:259)
	at io.netty.handler.codec.http2.DefaultHttp2FrameReader.readFrame(DefaultHttp2FrameReader.java:159)
	at io.netty.handler.codec.http2.Http2InboundFrameLogger.readFrame(Http2InboundFrameLogger.java:41)
	at io.netty.handler.codec.http2.DefaultHttp2ConnectionDecoder.decodeFrame(DefaultHttp2ConnectionDecoder.java:173)
	at io.netty.handler.codec.http2.Http2ConnectionHandler$FrameDecoder.decode(Http2ConnectionHandler.java:393)
	at io.netty.handler.codec.http2.Http2ConnectionHandler.decode(Http2ConnectionHandler.java:453)
	at io.netty.handler.codec.ByteToMessageDecoder.decodeRemovalReentryProtection(ByteToMessageDecoder.java:529)
	at io.netty.handler.codec.ByteToMessageDecoder.callDecode(ByteToMessageDecoder.java:468)
	at io.netty.handler.codec.ByteToMessageDecoder.channelRead(ByteToMessageDecoder.java:290)
	at io.netty.channel.AbstractChannelHandlerContext.invokeChannelRead(AbstractChannelHandlerContext.java:444)
	at io.netty.channel.AbstractChannelHandlerContext.invokeChannelRead(AbstractChannelHandlerContext.java:420)
	at io.netty.channel.AbstractChannelHandlerContext.fireChannelRead(AbstractChannelHandlerContext.java:412)
	at io.netty.channel.DefaultChannelPipeline$HeadContext.channelRead(DefaultChannelPipeline.java:1410)
	at io.netty.channel.AbstractChannelHandlerContext.invokeChannelRead(AbstractChannelHandlerContext.java:440)
	at io.netty.channel.AbstractChannelHandlerContext.invokeChannelRead(AbstractChannelHandlerContext.java:420)
	at io.netty.channel.DefaultChannelPipeline.fireChannelRead(DefaultChannelPipeline.java:919)
	at io.netty.channel.nio.AbstractNioByteChannel$NioByteUnsafe.read(AbstractNioByteChannel.java:166)
	at io.netty.channel.nio.NioEventLoop.processSelectedKey(NioEventLoop.java:788)
	at io.netty.channel.nio.NioEventLoop.processSelectedKeysOptimized(NioEventLoop.java:724)
	at io.netty.channel.nio.NioEventLoop.processSelectedKeys(NioEventLoop.java:650)
	at io.netty.channel.nio.NioEventLoop.run(NioEventLoop.java:562)
	at io.netty.util.concurrent.SingleThreadEventExecutor$4.run(SingleThreadEventExecutor.java:997)
	at io.netty.util.internal.ThreadExecutorMap$2.run(ThreadExecutorMap.java:74)
	at io.netty.util.concurrent.FastThreadLocalRunnable.run(FastThreadLocalRunnable.java:30)
	at java.base/java.lang.Thread.run(Thread.java:829)

May 21, 2023 9:00:26 PM io.gapi.emulators.netty.HttpVersionRoutingHandler channelRead
INFO: Detected HTTP/2 connection.
May 21, 2023 9:24:18 PM io.gapi.emulators.netty.HttpVersionRoutingHandler channelRead
INFO: Detected HTTP/2 connection.
May 21, 2023 9:27:34 PM io.gapi.emulators.netty.HttpVersionRoutingHandler channelRead
INFO: Detected HTTP/2 connection.
May 21, 2023 9:27:49 PM io.gapi.emulators.netty.HttpVersionRoutingHandler channelRead
INFO: Detected HTTP/2 connection.
May 21, 2023 9:31:20 PM io.gapi.emulators.netty.HttpVersionRoutingHandler channelRead
INFO: Detected HTTP/2 connection.
May 21, 2023 9:31:42 PM io.gapi.emulators.netty.HttpVersionRoutingHandler channelRead
INFO: Detected HTTP/2 connection.
May 21, 2023 9:37:23 PM io.gapi.emulators.netty.HttpVersionRoutingHandler channelRead
INFO: Detected HTTP/2 connection.
May 21, 2023 9:37:50 PM io.gapi.emulators.netty.HttpVersionRoutingHandler channelRead
INFO: Detected HTTP/2 connection.
*** shutting down gRPC server since JVM is shutting down
*** server shut down
